[2024-03-16 13:51:56,132: INFO: main: Welcome to our custom log]
[2024-03-16 14:17:11,603: INFO: common: yaml file: config\config.yaml loaded successfully]
[2024-03-16 14:17:11,613: INFO: common: yaml file: params.yaml loaded successfully]
[2024-03-16 14:17:11,613: INFO: common: created directory at: artifacts]
[2024-03-16 14:17:11,618: INFO: common: created directory at: artifacts/data_ingestion]
[2024-03-16 14:17:11,623: INFO: 1009431632: Downloading data from https://drive.google.com/file/d/1rY_aR3rQ4DPVP8gefPhjiGFApDIa2ppn/view?usp=sharing into file artifacts/data_ingestion/data.zip]
[2024-03-16 14:17:59,044: INFO: 1009431632: Downloaded data from https://drive.google.com/file/d/1rY_aR3rQ4DPVP8gefPhjiGFApDIa2ppn/view?usp=sharing into file artifacts/data_ingestion/data.zip]
[2024-03-16 14:28:50,208: INFO: main: >>>>>> stage Data Ingestion stage started <<<<<<]
[2024-03-16 14:28:50,208: INFO: common: yaml file: config\config.yaml loaded successfully]
[2024-03-16 14:28:50,208: INFO: common: yaml file: params.yaml loaded successfully]
[2024-03-16 14:28:50,208: INFO: common: created directory at: artifacts]
[2024-03-16 14:28:50,208: INFO: common: created directory at: artifacts/data_ingestion]
[2024-03-16 14:28:50,208: INFO: data_ingestion: Downloading data from https://drive.google.com/file/d/1rY_aR3rQ4DPVP8gefPhjiGFApDIa2ppn/view?usp=sharing into file artifacts/data_ingestion/data.zip]
[2024-03-16 14:29:42,078: INFO: data_ingestion: Downloaded data from https://drive.google.com/file/d/1rY_aR3rQ4DPVP8gefPhjiGFApDIa2ppn/view?usp=sharing into file artifacts/data_ingestion/data.zip]
[2024-03-16 14:30:07,943: INFO: main: >>>>>> stage Data Ingestion stage completed <<<<<<

x==========x]
[2024-03-16 15:45:05,164: INFO: common: yaml file: config\config.yaml loaded successfully]
[2024-03-16 15:45:05,168: INFO: common: yaml file: params.yaml loaded successfully]
[2024-03-16 15:45:05,170: INFO: common: created directory at: artifacts]
[2024-03-16 15:45:05,173: INFO: common: created directory at: artifacts/prepare_base_model]
[2024-03-16 15:45:05,946: WARNING: saving_utils: Compiled the loaded model, but the compiled metrics have yet to be built. `model.compile_metrics` will be empty until you train or evaluate the model.]
[2024-03-16 15:54:25,860: INFO: main: >>>>>> stage Data Ingestion stage started <<<<<<]
[2024-03-16 15:54:25,862: INFO: common: yaml file: config\config.yaml loaded successfully]
[2024-03-16 15:54:25,864: INFO: common: yaml file: params.yaml loaded successfully]
[2024-03-16 15:54:25,864: INFO: common: created directory at: artifacts]
[2024-03-16 15:54:25,864: ERROR: main: 'ConfigurationManager' object has no attribute 'get_data_ingestion_config']
Traceback (most recent call last):
  File "main.py", line 9, in <module>
    data_ingestion.main()
  File "D:\python\Deep Learning Project\Kidney-Disease-Classification\src\cnnClassifier\pipeline\stage_01_data_ingestion.py", line 15, in main
    data_ingestion_config = config.get_data_ingestion_config()
AttributeError: 'ConfigurationManager' object has no attribute 'get_data_ingestion_config'
[2024-03-16 15:55:58,371: INFO: main: >>>>>> stage Data Ingestion stage started <<<<<<]
[2024-03-16 15:55:58,373: INFO: common: yaml file: config\config.yaml loaded successfully]
[2024-03-16 15:55:58,374: INFO: common: yaml file: params.yaml loaded successfully]
[2024-03-16 15:55:58,375: INFO: common: created directory at: artifacts]
[2024-03-16 15:55:58,375: ERROR: main: 'ConfigurationManager' object has no attribute 'get_data_ingestion_config']
Traceback (most recent call last):
  File "main.py", line 9, in <module>
    data_ingestion.main()
  File "D:\python\Deep Learning Project\Kidney-Disease-Classification\src\cnnClassifier\pipeline\stage_01_data_ingestion.py", line 15, in main
    data_ingestion_config = config.get_data_ingestion_config()
AttributeError: 'ConfigurationManager' object has no attribute 'get_data_ingestion_config'
[2024-03-16 15:56:48,793: INFO: main: >>>>>> stage Data Ingestion stage started <<<<<<]
[2024-03-16 15:56:48,795: INFO: common: yaml file: config\config.yaml loaded successfully]
[2024-03-16 15:56:48,796: INFO: common: yaml file: params.yaml loaded successfully]
[2024-03-16 15:56:48,797: INFO: common: created directory at: artifacts]
[2024-03-16 15:56:48,797: ERROR: main: 'ConfigurationManager' object has no attribute 'get_data_ingestion_config']
Traceback (most recent call last):
  File "main.py", line 9, in <module>
    data_ingestion.main()
  File "D:\python\Deep Learning Project\Kidney-Disease-Classification\src\cnnClassifier\pipeline\stage_01_data_ingestion.py", line 15, in main
    data_ingestion_config = config.get_data_ingestion_config()
AttributeError: 'ConfigurationManager' object has no attribute 'get_data_ingestion_config'
[2024-03-16 16:00:09,891: INFO: main: >>>>>> stage Data Ingestion stage started <<<<<<]
[2024-03-16 16:00:09,894: INFO: common: yaml file: config\config.yaml loaded successfully]
[2024-03-16 16:00:09,895: INFO: common: yaml file: params.yaml loaded successfully]
[2024-03-16 16:00:09,896: INFO: common: created directory at: artifacts]
[2024-03-16 16:00:09,896: ERROR: main: 'ConfigurationManager' object has no attribute 'get_data_ingestion_config']
Traceback (most recent call last):
  File "main.py", line 9, in <module>
    data_ingestion.main()
  File "D:\python\Deep Learning Project\Kidney-Disease-Classification\src\cnnClassifier\pipeline\stage_01_data_ingestion.py", line 15, in main
    data_ingestion_config = config.get_data_ingestion_config()
AttributeError: 'ConfigurationManager' object has no attribute 'get_data_ingestion_config'
[2024-03-16 16:05:09,323: INFO: main: >>>>>> stage Data Ingestion stage started <<<<<<]
[2024-03-16 16:05:09,339: INFO: common: yaml file: config\config.yaml loaded successfully]
[2024-03-16 16:05:09,339: INFO: common: yaml file: params.yaml loaded successfully]
[2024-03-16 16:05:09,339: INFO: common: created directory at: artifacts]
[2024-03-16 16:05:09,339: INFO: common: created directory at: artifacts/data_ingestion]
[2024-03-16 16:05:09,339: INFO: data_ingestion: Downloading data from https://drive.google.com/file/d/1rY_aR3rQ4DPVP8gefPhjiGFApDIa2ppn/view?usp=sharing into file artifacts/data_ingestion/data.zip]
[2024-03-16 16:06:09,816: INFO: data_ingestion: Downloaded data from https://drive.google.com/file/d/1rY_aR3rQ4DPVP8gefPhjiGFApDIa2ppn/view?usp=sharing into file artifacts/data_ingestion/data.zip]
[2024-03-16 16:06:32,355: INFO: main: >>>>>> stage Data Ingestion stage completed <<<<<<

x==========x]
[2024-03-16 16:06:44,515: INFO: main: >>>>>> stage Data Ingestion stage started <<<<<<]
[2024-03-16 16:06:44,530: INFO: common: yaml file: config\config.yaml loaded successfully]
[2024-03-16 16:06:44,530: INFO: common: yaml file: params.yaml loaded successfully]
[2024-03-16 16:06:44,530: INFO: common: created directory at: artifacts]
[2024-03-16 16:06:44,530: ERROR: main: 'ConfigurationManager' object has no attribute 'get_data_ingestion_config']
Traceback (most recent call last):
  File "main.py", line 9, in <module>
    data_ingestion.main()
  File "D:\python\Deep Learning Project\Kidney-Disease-Classification\src\cnnClassifier\pipeline\stage_01_data_ingestion.py", line 15, in main
    data_ingestion_config = config.get_data_ingestion_config()
AttributeError: 'ConfigurationManager' object has no attribute 'get_data_ingestion_config'
[2024-03-16 16:11:24,831: INFO: main: >>>>>> stage Data Ingestion stage started <<<<<<]
[2024-03-16 16:11:24,831: INFO: common: yaml file: config\config.yaml loaded successfully]
[2024-03-16 16:11:24,831: INFO: common: yaml file: params.yaml loaded successfully]
[2024-03-16 16:11:24,831: INFO: common: created directory at: artifacts]
[2024-03-16 16:11:24,831: INFO: common: created directory at: artifacts/data_ingestion]
[2024-03-16 16:11:24,831: INFO: data_ingestion: Downloading data from https://drive.google.com/file/d/1rY_aR3rQ4DPVP8gefPhjiGFApDIa2ppn/view?usp=sharing into file artifacts/data_ingestion/data.zip]
[2024-03-16 16:12:25,497: INFO: data_ingestion: Downloaded data from https://drive.google.com/file/d/1rY_aR3rQ4DPVP8gefPhjiGFApDIa2ppn/view?usp=sharing into file artifacts/data_ingestion/data.zip]
[2024-03-16 16:12:40,711: INFO: main: >>>>>> stage Data Ingestion stage completed <<<<<<

x==========x]
[2024-03-16 16:12:40,712: INFO: main: *******************]
[2024-03-16 16:12:40,712: INFO: main: >>>>>> stage Prepare base model started <<<<<<]
[2024-03-16 16:12:40,714: INFO: common: yaml file: config\config.yaml loaded successfully]
[2024-03-16 16:12:40,716: INFO: common: yaml file: params.yaml loaded successfully]
[2024-03-16 16:12:40,717: INFO: common: created directory at: artifacts]
[2024-03-16 16:12:40,717: INFO: common: created directory at: artifacts/prepare_base_model]
[2024-03-16 16:12:41,166: WARNING: saving_utils: Compiled the loaded model, but the compiled metrics have yet to be built. `model.compile_metrics` will be empty until you train or evaluate the model.]
[2024-03-16 16:12:42,494: INFO: main: >>>>>> stage Prepare base model completed <<<<<<

x==========x]
